{
        "run_number": 138,
        "build_result": "fallÃ³",
        "commit": "ae1677a9a0ca696ed2281da0bd16fcf71d713aec",
        "workflow_url": "https://github.com/rodrigorojas2B/skillMap/actions/runs/16920382463",
        "build_log": "Progress (1): 5.6 kB\r                    \rDownloaded from central: https://repo.maven.apache.org/maven2/org/junit/junit-bom/5.8.2/junit-bom-5.8.2.pom (5.6 kB at 469 kB/s)\nDownloading from central: https://repo.maven.apache.org/maven2/org/codehaus/plexus/plexus-utils/3.4.1/plexus-utils-3.4.1.pom\nProgress (1): 8.0 kB\r                    \rDownloaded from central: https://repo.maven.apache.org/maven2/org/codehaus/plexus/plexus-utils/3.4.1/plexus-utils-3.4.1.pom (8.0 kB at 724 kB/s)\nDownloading from central: https://repo.maven.apache.org/maven2/org/codehaus/plexus/plexus-compiler-manager/2.11.1/plexus-compiler-manager-2.11.1.pom\nProgress (1): 1.1 kB\r                    \rDownloaded from central: https://repo.maven.apache.org/maven2/org/codehaus/plexus/plexus-compiler-manager/2.11.1/plexus-compiler-manager-2.11.1.pom (1.1 kB at 95 kB/s)\nDownloading from central: https://repo.maven.apache.org/maven2/org/codehaus/plexus/plexus-compiler-javac/2.11.1/plexus-compiler-javac-2.11.1.pom\nProgress (1): 1.2 kB\r                    \rDownloaded from central: https://repo.maven.apache.org/maven2/org/codehaus/plexus/plexus-compiler-javac/2.11.1/plexus-compiler-javac-2.11.1.pom (1.2 kB at 100 kB/s)\nDownloading from central: https://repo.maven.apache.org/maven2/org/codehaus/plexus/plexus-compilers/2.11.1/plexus-compilers-2.11.1.pom\nProgress (1): 1.3 kB\r                    \rDownloaded from central: https://repo.maven.apache.org/maven2/org/codehaus/plexus/plexus-compilers/2.11.1/plexus-compilers-2.11.1.pom (1.3 kB at 110 kB/s)\nDownloading from central: https://repo.maven.apache.org/maven2/org/apache/maven/shared/maven-shared-utils/3.3.4/maven-shared-utils-3.3.4.jar\nProgress (1): 16/153 kB\rProgress (1): 33/153 kB\rProgress (1): 49/153 kB\rProgress (1): 62/153 kB\rProgress (1): 78/153 kB\rProgress (1): 95/153 kB\rProgress (1): 111/153 kB\rProgress (1): 127/153 kB\rProgress (1): 144/153 kB\rProgress (1): 153 kB    \r                    \rDownloaded from central: https://repo.maven.apache.org/maven2/org/apache/maven/shared/maven-shared-utils/3.3.4/maven-shared-utils-3.3.4.jar (153 kB at 11 MB/s)\nDownloading from central: https://repo.maven.apache.org/maven2/commons-io/commons-io/2.6/commons-io-2.6.jar\nDownloading from central: https://repo.maven.apache.org/maven2/org/apache/maven/shared/maven-shared-incremental/1.1/maven-shared-incremental-1.1.jar\nDownloading from central: https://repo.maven.apache.org/maven2/org/codehaus/plexus/plexus-component-annotations/2.0.0/plexus-component-annotations-2.0.0.jar\nDownloading from central: https://repo.maven.apache.org/maven2/org/codehaus/plexus/plexus-java/1.1.1/plexus-java-1.1.1.jar\nDownloading from central: https://repo.maven.apache.org/maven2/org/ow2/asm/asm/9.2/asm-9.2.jar\nProgress (1): 16/215 kB\rProgress (2): 16/215 kB | 14 kB\rProgress (2): 33/215 kB | 14 kB\rProgress (2): 49/215 kB | 14 kB\r                               \rDownloaded from central: https://repo.maven.apache.org/maven2/org/apache/maven/shared/maven-shared-incremental/1.1/maven-shared-incremental-1.1.jar (14 kB at 1.0 MB/s)\nDownloading from central: https://repo.maven.apache.org/maven2/com/thoughtworks/qdox/qdox/2.0.1/qdox-2.0.1.jar\nProgress (1): 65/215 kB\rProgress (2): 65/215 kB | 16/54 kB\rProgress (2): 82/215 kB | 16/54 kB\rProgress (2): 82/215 kB | 33/54 kB\rProgress (2): 98/215 kB | 33/54 kB\rProgress (2): 98/215 kB | 49/54 kB\rProgress (2): 98/215 kB | 54 kB   \rProgress (2): 114/215 kB | 54 kB\rProgress (2): 131/215 kB | 54 kB\r                                \rDownloaded from central: https://repo.maven.apache.org/maven2/org/codehaus/plexus/plexus-java/1.1.1/plexus-java-1.1.1.jar (54 kB at 4.1 MB/s)\nDownloading from central: https://repo.maven.apache.org/maven2/org/codehaus/plexus/plexus-compiler-api/2.11.1/plexus-compiler-api-2.11.1.jar\nProgress (1): 147/215 kB\rProgress (1): 164/215 kB\rProgress (1): 180/215 kB\rProgress (1): 196/215 kB\rProgress (1): 213/215 kB\rProgress (1): 215 kB    \rProgress (2): 215 kB | 16/122 kB\rProgress (2): 215 kB | 33/122 kB\rProgress (2): 215 kB | 49/122 kB\rProgress (2): 215 kB | 66/122 kB\rProgress (2): 215 kB | 82/122 kB\rProgress (2): 215 kB | 98/122 kB\rProgress (2): 215 kB | 115/122 kB\rProgress (2): 215 kB | 122 kB    \r                             \rDownloaded from central: https://repo.maven.apache.org/maven2/org/ow2/asm/asm/9.2/asm-9.2.jar (122 kB at 8.1 MB/s)\nDownloading from central: https://repo.maven.apache.org/maven2/org/codehaus/plexus/plexus-utils/3.4.1/plexus-utils-3.4.1.jar\nDownloaded from central: https://repo.maven.apache.org/maven2/commons-io/commons-io/2.6/commons-io-2.6.jar (215 kB at 13 MB/s)\nDownloading from central: https://repo.maven.apache.org/maven2/org/codehaus/plexus/plexus-compiler-manager/2.11.1/plexus-compiler-manager-2.11.1.jar\nProgress (1): 4.2 kB\r                    \rDownloaded from central: https://repo.maven.apache.org/maven2/org/codehaus/plexus/plexus-component-annotations/2.0.0/plexus-component-annotations-2.0.0.jar (4.2 kB at 235 kB/s)\nDownloading from central: https://repo.maven.apache.org/maven2/org/codehaus/plexus/plexus-compiler-javac/2.11.1/plexus-compiler-javac-2.11.1.jar\nProgress (1): 16/334 kB\rProgress (1): 33/334 kB\rProgress (1): 49/334 kB\rProgress (1): 64/334 kB\rProgress (1): 80/334 kB\rProgress (1): 97/334 kB\rProgress (1): 113/334 kB\rProgress (1): 129/334 kB\rProgress (1): 146/334 kB\rProgress (2): 146/334 kB | 16/27 kB\rProgress (2): 146/334 kB | 27 kB   \rProgress (2): 162/334 kB | 27 kB\rProgress (2): 179/334 kB | 27 kB\r                                \rDownloaded from central: https://repo.maven.apache.org/maven2/org/codehaus/plexus/plexus-compiler-api/2.11.1/plexus-compiler-api-2.11.1.jar (27 kB at 1.1 MB/s)\nProgress (1): 195/334 kB\rProgress (1): 211/334 kB\rProgress (1): 228/334 kB\rProgress (1): 244/334 kB\rProgress (1): 260/334 kB\rProgress (1): 277/334 kB\rProgress (1): 293/334 kB\rProgress (1): 310/334 kB\rProgress (1): 326/334 kB\rProgress (1): 334 kB    \r                    \rDownloaded from central: https://repo.maven.apache.org/maven2/com/thoughtworks/qdox/qdox/2.0.1/qdox-2.0.1.jar (334 kB at 12 MB/s)\nProgress (1): 4.7 kB\r                    \rDownloaded from central: https://repo.maven.apache.org/maven2/org/codehaus/plexus/plexus-compiler-manager/2.11.1/plexus-compiler-manager-2.11.1.jar (4.7 kB at 166 kB/s)\nProgress (1): 16/264 kB\rProgress (1): 33/264 kB\rProgress (1): 49/264 kB\rProgress (1): 64/264 kB\rProgress (2): 64/264 kB | 16/23 kB\rProgress (2): 64/264 kB | 23 kB   \rProgress (2): 80/264 kB | 23 kB\rProgress (2): 97/264 kB | 23 kB\r                               \rDownloaded from central: https://repo.maven.apache.org/maven2/org/codehaus/plexus/plexus-compiler-javac/2.11.1/plexus-compiler-javac-2.11.1.jar (23 kB at 761 kB/s)\nProgress (1): 113/264 kB\rProgress (1): 129/264 kB\rProgress (1): 146/264 kB\rProgress (1): 162/264 kB\rProgress (1): 179/264 kB\rProgress (1): 195/264 kB\rProgress (1): 211/264 kB\rProgress (1): 228/264 kB\rProgress (1): 244/264 kB\rProgress (1): 260/264 kB\rProgress (1): 264 kB    \r                    \rDownloaded from central: https://repo.maven.apache.org/maven2/org/codehaus/plexus/plexus-utils/3.4.1/plexus-utils-3.4.1.jar (264 kB at 8.0 MB/s)\n[INFO] Changes detected - recompiling the module!\n[INFO] Compiling 10 source files to /home/runner/work/skillMap/skillMap/target/classes\n[INFO] -------------------------------------------------------------\n[ERROR] COMPILATION ERROR : \n[INFO] -------------------------------------------------------------\n[ERROR] /home/runner/work/skillMap/skillMap/src/main/java/com/skillmap/backend/model/Skill.java:[25,13] cannot find symbol\n  symbol:   class Set\n  location: class com.skillmap.backend.model.Skill\n[ERROR] /home/runner/work/skillMap/skillMap/src/main/java/com/skillmap/backend/model/Skill.java:[28,13] cannot find symbol\n  symbol:   class Set\n  location: class com.skillmap.backend.model.Skill\n[ERROR] /home/runner/work/skillMap/skillMap/src/main/java/com/skillmap/backend/model/Skill.java:[31,13] cannot find symbol\n  symbol:   class Set\n  location: class com.skillmap.backend.model.Skill\n[ERROR] /home/runner/work/skillMap/skillMap/src/main/java/com/skillmap/backend/model/Skill.java:[25,28] cannot find symbol\n  symbol:   class Set\n  location: class com.skillmap.backend.model.Skill\n[ERROR] /home/runner/work/skillMap/skillMap/src/main/java/com/skillmap/backend/model/Skill.java:[28,27] cannot find symbol\n  symbol:   class Set\n  location: class com.skillmap.backend.model.Skill\n[ERROR] /home/runner/work/skillMap/skillMap/src/main/java/com/skillmap/backend/model/Skill.java:[31,28] cannot find symbol\n  symbol:   class Set\n  location: class com.skillmap.backend.model.Skill\n[ERROR] /home/runner/work/skillMap/skillMap/src/main/java/com/skillmap/backend/model/Skill.java:[7,1] cannot find symbol\n  symbol:   class Set\n  location: class com.skillmap.backend.model.Skill\n[ERROR] /home/runner/work/skillMap/skillMap/src/main/java/com/skillmap/backend/model/Skill.java:[9,1] cannot find symbol\n  symbol:   class Set\n  location: class com.skillmap.backend.model.Skill\n[INFO] 8 errors \n[INFO] -------------------------------------------------------------\n[INFO] ------------------------------------------------------------------------\n[INFO] BUILD FAILURE\n[INFO] ------------------------------------------------------------------------\n[INFO] Total time:  7.706 s\n[INFO] Finished at: 2025-08-12T20:41:43Z\n[INFO] ------------------------------------------------------------------------\n[ERROR] Failed to execute goal org.apache.maven.plugins:maven-compiler-plugin:3.10.1:compile (default-compile) on project backend: Compilation failure: Compilation failure: \n[ERROR] /home/runner/work/skillMap/skillMap/src/main/java/com/skillmap/backend/model/Skill.java:[25,13] cannot find symbol\n[ERROR]   symbol:   class Set\n[ERROR]   location: class com.skillmap.backend.model.Skill\n[ERROR] /home/runner/work/skillMap/skillMap/src/main/java/com/skillmap/backend/model/Skill.java:[28,13] cannot find symbol\n[ERROR]   symbol:   class Set\n[ERROR]   location: class com.skillmap.backend.model.Skill\n[ERROR] /home/runner/work/skillMap/skillMap/src/main/java/com/skillmap/backend/model/Skill.java:[31,13] cannot find symbol\n[ERROR]   symbol:   class Set\n[ERROR]   location: class com.skillmap.backend.model.Skill\n[ERROR] /home/runner/work/skillMap/skillMap/src/main/java/com/skillmap/backend/model/Skill.java:[25,28] cannot find symbol\n[ERROR]   symbol:   class Set\n[ERROR]   location: class com.skillmap.backend.model.Skill\n[ERROR] /home/runner/work/skillMap/skillMap/src/main/java/com/skillmap/backend/model/Skill.java:[28,27] cannot find symbol\n[ERROR]   symbol:   class Set\n[ERROR]   location: class com.skillmap.backend.model.Skill\n[ERROR] /home/runner/work/skillMap/skillMap/src/main/java/com/skillmap/backend/model/Skill.java:[31,28] cannot find symbol\n[ERROR]   symbol:   class Set\n[ERROR]   location: class com.skillmap.backend.model.Skill\n[ERROR] /home/runner/work/skillMap/skillMap/src/main/java/com/skillmap/backend/model/Skill.java:[7,1] cannot find symbol\n[ERROR]   symbol:   class Set\n[ERROR]   location: class com.skillmap.backend.model.Skill\n[ERROR] /home/runner/work/skillMap/skillMap/src/main/java/com/skillmap/backend/model/Skill.java:[9,1] cannot find symbol\n[ERROR]   symbol:   class Set\n[ERROR]   location: class com.skillmap.backend.model.Skill\n[ERROR] -> [Help 1]\n[ERROR] \n[ERROR] To see the full stack trace of the errors, re-run Maven with the -e switch.\n[ERROR] Re-run Maven using the -X switch to enable full debug logging.\n[ERROR] \n[ERROR] For more information about the errors and possible solutions, please read the following articles:\n[ERROR] [Help 1] http://cwiki.apache.org/confluence/display/MAVEN/MojoFailureException\n",
        "sonar_errors": {"issues":[{"severity":"CRITICAL","rule":"javaarchitecture:S7027","message":"This class is part of 2 cycles containing 3 classes within package rodrigorojas2B_skillMap:com.skillmap.backend.model.","component":"rodrigorojas2B_skillMap:src/main/java/com/skillmap/backend/model/Rol.java","line":null},{"severity":"CRITICAL","rule":"javaarchitecture:S7027","message":"This class is part of 2 cycles containing 3 classes within package rodrigorojas2B_skillMap:com.skillmap.backend.model.","component":"rodrigorojas2B_skillMap:src/main/java/com/skillmap/backend/model/Skill.java","line":null},{"severity":"CRITICAL","rule":"javaarchitecture:S7027","message":"This class is part of 2 cycles containing 3 classes within package rodrigorojas2B_skillMap:com.skillmap.backend.model.","component":"rodrigorojas2B_skillMap:src/main/java/com/skillmap/backend/model/Rol.java","line":14},{"severity":"CRITICAL","rule":"javaarchitecture:S7027","message":"This class is part of 4 cycles containing 5 classes within package rodrigorojas2B_skillMap:com.skillmap.backend.model.","component":"rodrigorojas2B_skillMap:src/main/java/com/skillmap/backend/model/Skill.java","line":null},{"severity":"CRITICAL","rule":"javaarchitecture:S7027","message":"This class is part of one cycle containing 2 classes within package rodrigorojas2B_skillMap:com.skillmap.backend.model.","component":"rodrigorojas2B_skillMap:src/main/java/com/skillmap/backend/model/SkillEval.java","line":null},{"severity":"CRITICAL","rule":"javaarchitecture:S7027","message":"This class is part of one cycle containing 2 classes within package rodrigorojas2B_skillMap:com.skillmap.backend.model.","component":"rodrigorojas2B_skillMap:src/main/java/com/skillmap/backend/model/SkillFit.java","line":15},{"severity":"MAJOR","rule":"java:S106","message":"Replace this use of System.out by a logger.","component":"rodrigorojas2B_skillMap:src/main/java/com/skillmap/backend/model/SkillMap.java","line":null},{"severity":"MAJOR","rule":"java:S106","message":"Replace this use of System.out by a logger.","component":"rodrigorojas2B_skillMap:src/main/java/com/skillmap/backend/model/SkillMap.java","line":null},{"severity":"MAJOR","rule":"java:S106","message":"Replace this use of System.out by a logger.","component":"rodrigorojas2B_skillMap:src/main/java/com/skillmap/backend/model/Test.java","line":null},{"severity":"MAJOR","rule":"java:S106","message":"Replace this use of System.out by a logger.","component":"rodrigorojas2B_skillMap:src/main/java/com/skillmap/backend/model/Test.java","line":null},{"severity":"CRITICAL","rule":"javaarchitecture:S7027","message":"This class is part of one cycle containing 2 classes within package rodrigorojas2B_skillMap:com.skillmap.backend.model.","component":"rodrigorojas2B_skillMap:src/main/java/com/skillmap/backend/model/Categoria.java","line":null},{"severity":"CRITICAL","rule":"javaarchitecture:S7027","message":"This class is part of one cycle containing 2 classes within package rodrigorojas2B_skillMap:com.skillmap.backend.model.","component":"rodrigorojas2B_skillMap:src/main/java/com/skillmap/backend/model/Especialidad.java","line":null},{"severity":"BLOCKER","rule":"java:S6437","message":"Revoke and change this password, as it is compromised.","component":"rodrigorojas2B_skillMap:src/main/resources/application.properties","line":null},{"severity":"BLOCKER","rule":"secrets:S6703","message":"Make sure this database password gets changed and removed from the code.","component":"rodrigorojas2B_skillMap:src/main/resources/application.properties","line":null}]}
    }
